{
  "RSpec": {
    "coverage": {
      "/Users/glykeriastravodimou/MakersAcademy/GildedRose-Refactoring-Kata/ruby/spec/gilded_rose_spec.rb": {
        "lines": [
          null,
          null,
          1,
          1,
          1,
          null,
          1,
          1,
          1,
          null,
          8,
          null,
          null,
          null,
          null,
          null,
          null,
          null,
          null,
          8,
          8,
          null,
          null,
          1,
          1,
          null,
          null,
          1,
          1,
          1,
          null,
          null,
          1,
          1,
          null,
          null,
          1,
          1,
          1,
          1,
          1,
          null,
          null,
          1,
          1,
          1,
          null,
          null,
          1,
          1,
          1,
          null,
          null,
          1,
          1,
          2,
          null,
          null,
          1,
          1,
          1,
          null,
          null,
          null,
          1,
          1,
          1,
          1,
          1,
          1,
          1,
          null,
          null,
          null,
          1,
          1,
          1,
          1,
          1,
          1,
          null,
          null,
          null,
          1,
          1,
          1,
          1,
          1,
          1,
          null,
          null,
          null,
          1,
          1,
          1,
          1,
          2,
          null,
          null,
          1,
          1,
          1,
          2,
          null,
          null,
          null
        ]
      },
      "/Users/glykeriastravodimou/MakersAcademy/GildedRose-Refactoring-Kata/ruby/lib/gilded_rose.rb": {
        "lines": [
          null,
          null,
          1,
          1,
          13,
          null,
          null,
          1,
          9,
          null,
          null,
          1,
          9,
          71,
          null,
          9,
          null,
          18,
          null,
          27,
          null,
          8,
          null,
          9,
          null,
          null,
          null,
          null,
          1,
          10,
          10,
          10,
          10,
          null,
          null,
          1,
          18,
          null,
          null,
          1,
          28,
          null,
          27,
          null,
          26,
          null,
          null,
          1,
          8,
          8,
          8,
          null,
          null,
          1,
          10,
          10,
          10,
          10,
          null,
          null,
          1,
          58,
          57,
          null,
          null,
          1,
          26,
          8,
          18,
          9,
          null,
          9,
          null,
          26,
          null,
          null,
          1,
          47,
          null,
          null
        ]
      },
      "/Users/glykeriastravodimou/MakersAcademy/GildedRose-Refactoring-Kata/ruby/lib/item.rb": {
        "lines": [
          null,
          null,
          1,
          1,
          null,
          1,
          71,
          71,
          71,
          null,
          null,
          1,
          1,
          null,
          null
        ]
      },
      "/Users/glykeriastravodimou/MakersAcademy/GildedRose-Refactoring-Kata/ruby/spec/item_spec.rb": {
        "lines": [
          1,
          null,
          1,
          3,
          null,
          1,
          1,
          null,
          null,
          1,
          1,
          null,
          null
        ]
      }
    },
    "timestamp": 1615396003
  }
}
